<?xml version="1.0" encoding="UTF-8"?>
<beans default-lazy-init="false"
	xmlns="http://www.springframework.org/schema/beans" xmlns:xsi="http://www.w3.org/2001/XMLSchema-instance"
	xmlns:p="http://www.springframework.org/schema/p" xmlns:aop="http://www.springframework.org/schema/aop"
	xmlns:context="http://www.springframework.org/schema/context"
	xmlns:util="http://www.springframework.org/schema/util"
	xsi:schemaLocation="
			http://www.springframework.org/schema/aop http://www.springframework.org/schema/aop/spring-aop-3.1.xsd
			http://www.springframework.org/schema/beans http://www.springframework.org/schema/beans/spring-beans-3.1.xsd
			http://www.springframework.org/schema/context http://www.springframework.org/schema/context/spring-context-3.1.xsd
			http://www.springframework.org/schema/util http://www.springframework.org/schema/util/spring-util-3.1.xsd">

	<context:load-time-weaver />
	<aop:aspectj-autoproxy proxy-target-class="true" />
	<context:component-scan base-package="org.gw.stats" />
    <!--<context:component-scan base-package="org.gw.connector.corba" />-->

    <util:properties id="appProps"
                     location="classpath:app.properties" />

    <context:property-placeholder
            properties-ref="appProps" system-properties-mode="OVERRIDE" />

	<bean id="testConnector"
		class="org.gw.connector.corba.TestConnector"
		p:maxRetries="-1" p:connectAfter="5000"
		p:statsService-ref="annotationDrivenJMXStatisticsService" />

	<bean class="org.gw.connector.corba.ATestUser"
		p:obj-ref="testObject" />
</beans>
